<?xml version="1.0" encoding="UTF-8"?>
<!-- Generated by org.testng.reporters.JUnitXMLReporter -->
<testsuite ignored="0" hostname="LAPTOP-A67INA13" failures="0" tests="4" name="starhealth001" time="40.728" errors="0" timestamp="2023-10-24T13:04:22 IST">
  <testcase classname="project.StarHealthPage" name="Validate_title" time="0.042"/>
  <testcase classname="project.StarHealthPage" name="Test_Header_plan" time="19.216"/>
  <testcase classname="project.StarHealthPage" name="validatedatafromExcel" time="0.279"/>
  <testcase classname="project.StarHealthPage" name="Clickontwitter" time="4.38"/>
</testsuite> <!-- starhealth001 -->
