<?xml version="1.0" encoding="UTF-8"?>
<!-- Generated by org.testng.reporters.JUnitXMLReporter -->
<testsuite ignored="0" hostname="LAPTOP-A67INA13" failures="0" tests="5" name="Default test" time="8.94" errors="0" timestamp="2023-11-15T14:34:58 IST">
  <testcase classname="com.sportyshoeTestPages.RegisterPageTest" name="test_click_register_link" time="1.636"/>
  <testcase classname="com.sportyshoeTestPages.RegisterPageTest" name="test_getTitle_page" time="0.014"/>
  <testcase classname="com.sportyshoeTestPages.RegisterPageTest" name="Test_register_user" time="0.348"/>
  <testcase classname="com.sportyshoeTestPages.RegisterPageTest" name="Test_validate_registration_URL" time="0.009"/>
  <testcase classname="com.sportyshoeTestPages.RegisterPageTest" name="Test_validate_registration_Text" time="0.04"/>
</testsuite> <!-- Default test -->
