<?xml version="1.0" encoding="UTF-8"?>
<testng-results ignored="0" total="1" passed="1" failed="0" skipped="0">
  <reporter-output>
  </reporter-output>
  <suite started-at="2023-11-11T11:46:29 IST" name="Default suite" finished-at="2023-11-11T11:46:36 IST" duration-ms="6104">
    <groups>
    </groups>
    <test started-at="2023-11-11T11:46:29 IST" name="Default test" finished-at="2023-11-11T11:46:36 IST" duration-ms="6104">
      <class name="phaseEndProject.RestAssuredAss006">
        <test-method signature="assignment006Logout()[pri:0, instance:phaseEndProject.RestAssuredAss006@43dac38f]" started-at="2023-11-11T11:46:30 IST" name="assignment006Logout" finished-at="2023-11-11T11:46:36 IST" duration-ms="6003" status="PASS">
          <reporter-output>
          </reporter-output>
        </test-method> <!-- assignment006Logout -->
      </class> <!-- phaseEndProject.RestAssuredAss006 -->
    </test> <!-- Default test -->
  </suite> <!-- Default suite -->
</testng-results>
