<?xml version="1.0" encoding="UTF-8"?>
<testng-results ignored="0" total="1" passed="1" failed="0" skipped="0">
  <reporter-output>
  </reporter-output>
  <suite started-at="2023-12-02T13:31:22 IST" name="Default suite" finished-at="2023-12-02T13:31:31 IST" duration-ms="9067">
    <groups>
    </groups>
    <test started-at="2023-12-02T13:31:22 IST" name="Default test" finished-at="2023-12-02T13:31:31 IST" duration-ms="9067">
      <class name="com.demowebshop.qa.SeleniumGrid.RegisterPage">
        <test-method signature="gridDemo()[pri:0, instance:com.demowebshop.qa.SeleniumGrid.RegisterPage@53fe15ff]" started-at="2023-12-02T13:31:22 IST" name="gridDemo" finished-at="2023-12-02T13:31:31 IST" duration-ms="8965" status="PASS">
          <reporter-output>
          </reporter-output>
        </test-method> <!-- gridDemo -->
      </class> <!-- com.demowebshop.qa.SeleniumGrid.RegisterPage -->
    </test> <!-- Default test -->
  </suite> <!-- Default suite -->
</testng-results>
