<?xml version="1.0" encoding="UTF-8"?>
<!-- Generated by org.testng.reporters.JUnitXMLReporter -->
<testsuite ignored="3" hostname="LAPTOP-A67INA13" failures="0" tests="2" name="POMframework" time="43.619" errors="0" timestamp="2023-10-11T15:34:02 IST">
  <testcase classname="com.ninja.qa.TestPages.TestRegisterPage" name="testregisterUser" time="4.144"/>
  <testcase classname="com.ninja.qa.TestPages.TestProductPage" name="testproduct_addtocart" time="9.762"/>
  <testcase classname="com.ninja.qa.Base.TestBase" name="@BeforeTest getMethodName" time="0.0">
    <ignored/>
  </testcase> <!-- @BeforeTest getMethodName -->
  <testcase classname="com.ninja.qa.Base.TestBase" name="@BeforeSuite InitalizeExtentReport" time="0.0">
    <ignored/>
  </testcase> <!-- @BeforeSuite InitalizeExtentReport -->
  <testcase classname="com.ninja.qa.Base.TestBase" name="@AfterSuite generateReports" time="0.0">
    <ignored/>
  </testcase> <!-- @AfterSuite generateReports -->
</testsuite> <!-- POMframework -->
