<?xml version="1.0" encoding="UTF-8"?>
<!-- Generated by org.testng.reporters.JUnitXMLReporter -->
<testsuite ignored="0" hostname="LAPTOP-A67INA13" failures="0" tests="3" name="Default test" time="0.169" errors="0" timestamp="2023-10-12T19:14:54 IST">
  <testcase classname="com.app.Elearning.TestCourseSearch" name="findCourse" time="0.043"/>
  <testcase classname="com.app.Elearning.TestCourseSearch" name="findCourseEmptyInput" time="0.004"/>
  <testcase classname="com.app.Elearning.TestCourseSearch" name="findCourseInvalidInput" time="0.003"/>
</testsuite> <!-- Default test -->
