<?xml version="1.0" encoding="UTF-8"?>
<!-- Generated by org.testng.reporters.JUnitXMLReporter -->
<testsuite ignored="3" hostname="LAPTOP-A67INA13" failures="0" tests="2" name="POMframework" time="23.168" errors="0" timestamp="2023-10-12T18:12:19 IST">
  <testcase classname="com.redbus.qa.TestPages.TestHomePage" name="testBookTickets" time="1.479"/>
  <testcase classname="com.redbus.qa.TestPages.TestTicketStatusPage" name="testTicketStatus" time="2.652"/>
  <testcase classname="com.redbus.qa.Base.RedbusBase" name="@BeforeTest getMethodName" time="0.0">
    <ignored/>
  </testcase> <!-- @BeforeTest getMethodName -->
  <testcase classname="com.redbus.qa.Base.RedbusBase" name="@BeforeSuite InitalizeExtentReport" time="0.0">
    <ignored/>
  </testcase> <!-- @BeforeSuite InitalizeExtentReport -->
  <testcase classname="com.redbus.qa.Base.RedbusBase" name="@AfterSuite generateReports" time="0.0">
    <ignored/>
  </testcase> <!-- @AfterSuite generateReports -->
</testsuite> <!-- POMframework -->
