<?xml version="1.0" encoding="UTF-8"?>
<testng-results ignored="3" total="5" passed="2" failed="0" skipped="0">
  <reporter-output>
  </reporter-output>
  <suite started-at="2023-10-11T15:33:18 IST" name="test1" finished-at="2023-10-11T15:34:02 IST" duration-ms="43619">
    <groups>
    </groups>
    <test started-at="2023-10-11T15:33:18 IST" name="POMframework" finished-at="2023-10-11T15:34:02 IST" duration-ms="43619">
      <class name="com.ninja.qa.TestPages.TestRegisterPage">
        <test-method is-config="true" signature="InitalizeExtentReport()[pri:0, instance:com.ninja.qa.TestPages.TestRegisterPage@59505b48]" started-at="2023-10-11T15:33:18 IST" name="InitalizeExtentReport" finished-at="2023-10-11T15:33:18 IST" duration-ms="363" status="PASS">
          <reporter-output>
          </reporter-output>
        </test-method> <!-- InitalizeExtentReport -->
        <test-method is-config="true" signature="getMethodName(org.testng.ITestContext)[pri:0, instance:com.ninja.qa.TestPages.TestRegisterPage@59505b48]" started-at="2023-10-11T15:33:18 IST" name="getMethodName" finished-at="2023-10-11T15:33:18 IST" duration-ms="12" status="PASS">
          <params>
            <param index="0">
              <value>
                <![CDATA[org.testng.TestRunner@67688110]]>
              </value>
            </param>
          </params>
          <reporter-output>
          </reporter-output>
        </test-method> <!-- getMethodName -->
        <test-method is-config="true" signature="openApp()[pri:0, instance:com.ninja.qa.TestPages.TestRegisterPage@59505b48]" started-at="2023-10-11T15:33:19 IST" name="openApp" finished-at="2023-10-11T15:33:41 IST" duration-ms="21921" status="PASS">
          <reporter-output>
          </reporter-output>
        </test-method> <!-- openApp -->
        <test-method signature="testregisterUser(java.lang.String,java.lang.String,java.lang.String,java.lang.String,java.lang.String,java.lang.String)[pri:49, instance:com.ninja.qa.TestPages.TestRegisterPage@59505b48]" started-at="2023-10-11T15:33:41 IST" name="testregisterUser" data-provider="testdata" finished-at="2023-10-11T15:33:45 IST" duration-ms="4144" status="PASS">
          <params>
            <param index="0">
              <value>
                <![CDATA[Kesava]]>
              </value>
            </param>
            <param index="1">
              <value>
                <![CDATA[King]]>
              </value>
            </param>
            <param index="2">
              <value>
                <![CDATA[Kesava123]]>
              </value>
            </param>
            <param index="3">
              <value>
                <![CDATA[9955656.0]]>
              </value>
            </param>
            <param index="4">
              <value>
                <![CDATA[9955656.0]]>
              </value>
            </param>
            <param index="5">
              <value>
                <![CDATA[9955656.0]]>
              </value>
            </param>
          </params>
          <reporter-output>
          </reporter-output>
        </test-method> <!-- testregisterUser -->
        <test-method is-config="true" signature="CloseApp()[pri:0, instance:com.ninja.qa.TestPages.TestRegisterPage@59505b48]" started-at="2023-10-11T15:33:45 IST" name="CloseApp" finished-at="2023-10-11T15:33:46 IST" duration-ms="352" status="PASS">
          <reporter-output>
          </reporter-output>
        </test-method> <!-- CloseApp -->
        <test-method is-config="true" signature="generateTestStatus(java.lang.reflect.Method,org.testng.ITestResult)[pri:0, instance:com.ninja.qa.TestPages.TestRegisterPage@59505b48]" started-at="2023-10-11T15:33:46 IST" name="generateTestStatus" finished-at="2023-10-11T15:33:46 IST" duration-ms="5" status="PASS">
          <params>
            <param index="0">
              <value>
                <![CDATA[public void com.ninja.qa.TestPages.TestRegisterPage.testregisterUser(java.lang.String,java.lang.String,java.lang.String,java.lang.String,java.lang.String,java.lang.String) throws java.lang.InterruptedException]]>
              </value>
            </param>
            <param index="1">
              <value>
                <![CDATA[[TestResult name=testregisterUser status=SUCCESS method=TestRegisterPage.testregisterUser(java.lang.String,java.lang.String,java.lang.String,java.lang.String,java.lang.String,java.lang.String)[pri:49, instance:com.ninja.qa.TestPages.TestRegisterPage@59505b48] output={null}]]]>
              </value>
            </param>
          </params>
          <reporter-output>
          </reporter-output>
        </test-method> <!-- generateTestStatus -->
        <test-method is-config="true" signature="generateReports()[pri:0, instance:com.ninja.qa.TestPages.TestRegisterPage@59505b48]" started-at="2023-10-11T15:34:02 IST" name="generateReports" finished-at="2023-10-11T15:34:04 IST" duration-ms="1598" status="PASS">
          <reporter-output>
          </reporter-output>
        </test-method> <!-- generateReports -->
      </class> <!-- com.ninja.qa.TestPages.TestRegisterPage -->
      <class name="com.ninja.qa.TestPages.TestProductPage">
        <test-method is-config="true" signature="OpenApp()[pri:0, instance:com.ninja.qa.TestPages.TestProductPage@2e3967ea]" started-at="2023-10-11T15:33:46 IST" name="OpenApp" finished-at="2023-10-11T15:33:52 IST" duration-ms="6290" status="PASS">
          <reporter-output>
          </reporter-output>
        </test-method> <!-- OpenApp -->
        <test-method signature="testproduct_addtocart()[pri:0, instance:com.ninja.qa.TestPages.TestProductPage@2e3967ea]" started-at="2023-10-11T15:33:52 IST" name="testproduct_addtocart" finished-at="2023-10-11T15:34:02 IST" duration-ms="9762" status="PASS">
          <reporter-output>
          </reporter-output>
        </test-method> <!-- testproduct_addtocart -->
        <test-method is-config="true" signature="CloseApp()[pri:0, instance:com.ninja.qa.TestPages.TestProductPage@2e3967ea]" started-at="2023-10-11T15:34:02 IST" name="CloseApp" finished-at="2023-10-11T15:34:02 IST" duration-ms="304" status="PASS">
          <reporter-output>
          </reporter-output>
        </test-method> <!-- CloseApp -->
        <test-method is-config="true" signature="generateTestStatus(java.lang.reflect.Method,org.testng.ITestResult)[pri:0, instance:com.ninja.qa.TestPages.TestProductPage@2e3967ea]" started-at="2023-10-11T15:34:02 IST" name="generateTestStatus" finished-at="2023-10-11T15:34:02 IST" duration-ms="1" status="PASS">
          <params>
            <param index="0">
              <value>
                <![CDATA[public void com.ninja.qa.TestPages.TestProductPage.testproduct_addtocart() throws java.lang.InterruptedException]]>
              </value>
            </param>
            <param index="1">
              <value>
                <![CDATA[[TestResult name=testproduct_addtocart status=SUCCESS method=TestProductPage.testproduct_addtocart()[pri:0, instance:com.ninja.qa.TestPages.TestProductPage@2e3967ea] output={null}]]]>
              </value>
            </param>
          </params>
          <reporter-output>
          </reporter-output>
        </test-method> <!-- generateTestStatus -->
      </class> <!-- com.ninja.qa.TestPages.TestProductPage -->
    </test> <!-- POMframework -->
  </suite> <!-- test1 -->
</testng-results>
